#
# There is insufficient memory for the Java Runtime Environment to continue.
# Native memory allocation (mmap) failed to map 440401920 bytes for G1 virtual space
# Possible reasons:
#   The system is out of physical RAM or swap space
#   The process is running with CompressedOops enabled, and the Java Heap may be blocking the growth of the native heap
# Possible solutions:
#   Reduce memory load on the system
#   Increase physical memory or swap space
#   Check if swap backing store is full
#   Decrease Java heap size (-Xmx/-Xms)
#   Decrease number of Java threads
#   Decrease Java thread stack sizes (-Xss)
#   Set larger code cache with -XX:ReservedCodeCacheSize=
#   JVM is running with Unscaled Compressed Oops mode in which the Java heap is
#     placed in the first 4GB address space. The Java Heap base address is the
#     maximum limit for the native heap growth. Please use -XX:HeapBaseMinAddress
#     to set the Java Heap base and to place the Java Heap above 4GB virtual address.
# This output file may be truncated or incomplete.
#
#  Out of Memory Error (os_windows.cpp:3527), pid=2888, tid=51136
#
# JRE version: Java(TM) SE Runtime Environment (19.0.1+10) (build 19.0.1+10-21)
# Java VM: Java HotSpot(TM) 64-Bit Server VM (19.0.1+10-21, mixed mode, sharing, tiered, compressed oops, compressed class ptrs, g1 gc, windows-amd64)
# No core dump will be written. Minidumps are not enabled by default on client versions of Windows
#

---------------  S U M M A R Y ------------

Command Line: org.languagetool.server.HTTPServer -p 8082

Host: 11th Gen Intel(R) Core(TM) i5-1135G7 @ 2.40GHz, 8 cores, 7G,  Windows 11 , 64 bit Build 22621 (10.0.22621.3374)
Time: Mon May 13 22:57:59 2024 India Standard Time elapsed time: 1.333977 seconds (0d 0h 0m 1s)

---------------  T H R E A D  ---------------

Current thread (0x0000019d32955440):  VMThread "VM Thread" [stack: 0x0000003236100000,0x0000003236200000] [id=51136]

Stack: [0x0000003236100000,0x0000003236200000]
Native frames: (J=compiled Java code, j=interpreted, Vv=VM code, C=native code)
V  [jvm.dll+0x6ee8fa]
V  [jvm.dll+0x857a1e]
V  [jvm.dll+0x85940e]
V  [jvm.dll+0x859ac3]
V  [jvm.dll+0x28291f]
V  [jvm.dll+0x6eb6e9]
V  [jvm.dll+0x6e028a]
V  [jvm.dll+0x357136]
V  [jvm.dll+0x35eb96]
V  [jvm.dll+0x3b555e]
V  [jvm.dll+0x3b578f]
V  [jvm.dll+0x32c6ea]
V  [jvm.dll+0x32c797]
V  [jvm.dll+0x374b52]
V  [jvm.dll+0x37328f]
V  [jvm.dll+0x32bf10]
V  [jvm.dll+0x37282b]
V  [jvm.dll+0x85ef83]
V  [jvm.dll+0x85fd49]
V  [jvm.dll+0x86027d]
V  [jvm.dll+0x86070b]
V  [jvm.dll+0x8607c7]
V  [jvm.dll+0x8015fa]
V  [jvm.dll+0x6ed5eb]
C  [ucrtbase.dll+0x29333]
C  [KERNEL32.DLL+0x1257d]
C  [ntdll.dll+0x5aa48]

VM_Operation (0x0000003235bfea00): G1CollectForAllocation, mode: safepoint, requested by thread 0x0000019d14267c10


---------------  P R O C E S S  ---------------

Threads class SMR info:
_java_thread_list=0x0000019d37b56330, length=16, elements={
0x0000019d14267c10, 0x0000019d3296d910, 0x0000019d3296e700, 0x0000019d3296f5e0,
0x0000019d32971210, 0x0000019d32973d40, 0x0000019d32974d70, 0x0000019d329816f0,
0x0000019d32982470, 0x0000019d32987620, 0x0000019d36cf5310, 0x0000019d36cfa2a0,
0x0000019d36e6d7a0, 0x0000019d36f45c10, 0x0000019d37b82060, 0x0000019d377f8400
}

Java Threads: ( => current thread )
  0x0000019d14267c10 JavaThread "main" [_thread_blocked, id=20116, stack(0x0000003235b00000,0x0000003235c00000)]
  0x0000019d3296d910 JavaThread "Reference Handler" daemon [_thread_blocked, id=53028, stack(0x0000003236200000,0x0000003236300000)]
  0x0000019d3296e700 JavaThread "Finalizer" daemon [_thread_blocked, id=51212, stack(0x0000003236300000,0x0000003236400000)]
  0x0000019d3296f5e0 JavaThread "Signal Dispatcher" daemon [_thread_blocked, id=49416, stack(0x0000003236400000,0x0000003236500000)]
  0x0000019d32971210 JavaThread "Attach Listener" daemon [_thread_blocked, id=50272, stack(0x0000003236500000,0x0000003236600000)]
  0x0000019d32973d40 JavaThread "Service Thread" daemon [_thread_blocked, id=51196, stack(0x0000003236600000,0x0000003236700000)]
  0x0000019d32974d70 JavaThread "Monitor Deflation Thread" daemon [_thread_blocked, id=50788, stack(0x0000003236700000,0x0000003236800000)]
  0x0000019d329816f0 JavaThread "C2 CompilerThread0" daemon [_thread_blocked, id=33164, stack(0x0000003236800000,0x0000003236900000)]
  0x0000019d32982470 JavaThread "C1 CompilerThread0" daemon [_thread_blocked, id=56124, stack(0x0000003236900000,0x0000003236a00000)]
  0x0000019d32987620 JavaThread "Sweeper thread" daemon [_thread_blocked, id=54688, stack(0x0000003236a00000,0x0000003236b00000)]
  0x0000019d36cf5310 JavaThread "Notification Thread" daemon [_thread_blocked, id=43360, stack(0x0000003236b00000,0x0000003236c00000)]
  0x0000019d36cfa2a0 JavaThread "Common-Cleaner" daemon [_thread_blocked, id=53216, stack(0x0000003236d00000,0x0000003236e00000)]
  0x0000019d36e6d7a0 JavaThread "C2 CompilerThread1" daemon [_thread_blocked, id=46124, stack(0x0000003236e00000,0x0000003236f00000)]
  0x0000019d36f45c10 JavaThread "C2 CompilerThread2" daemon [_thread_blocked, id=38508, stack(0x0000003236f00000,0x0000003237000000)]
  0x0000019d37b82060 JavaThread "LtThreadPoolMonitor" daemon [_thread_blocked, id=50088, stack(0x0000003237000000,0x0000003237100000)]
  0x0000019d377f8400 JavaThread "LtThreadPoolExecutorMonitor" daemon [_thread_blocked, id=55252, stack(0x0000003237100000,0x0000003237200000)]

Other Threads:
=>0x0000019d32955440 VMThread "VM Thread" [stack: 0x0000003236100000,0x0000003236200000] [id=51136]
  0x0000019d36cf7e30 WatcherThread "VM Periodic Task Thread" [stack: 0x0000003236c00000,0x0000003236d00000] [id=44244]
  0x0000019d142c6ec0 WorkerThread "GC Thread#0" [stack: 0x0000003235c00000,0x0000003235d00000] [id=52176]
  0x0000019d37b7b870 WorkerThread "GC Thread#1" [stack: 0x0000003237200000,0x0000003237300000] [id=40172]
  0x0000019d37c2dd70 WorkerThread "GC Thread#2" [stack: 0x0000003237300000,0x0000003237400000] [id=47988]
  0x0000019d37c6bde0 WorkerThread "GC Thread#3" [stack: 0x0000003237400000,0x0000003237500000] [id=56108]
  0x0000019d37c6cf10 WorkerThread "GC Thread#4" [stack: 0x0000003237500000,0x0000003237600000] [id=26132]
  0x0000019d37c6cc40 WorkerThread "GC Thread#5" [stack: 0x0000003237600000,0x0000003237700000] [id=9572]
  0x0000019d37c6d780 WorkerThread "GC Thread#6" [stack: 0x0000003237700000,0x0000003237800000] [id=56472]
  0x0000019d37c6da50 WorkerThread "GC Thread#7" [stack: 0x0000003237800000,0x0000003237900000] [id=24904]
  0x0000019d142d77e0 ConcurrentGCThread "G1 Main Marker" [stack: 0x0000003235d00000,0x0000003235e00000] [id=35976]
  0x0000019d142d9220 WorkerThread "G1 Conc#0" [stack: 0x0000003235e00000,0x0000003235f00000] [id=49492]
  0x0000019d32810550 ConcurrentGCThread "G1 Refine#0" [stack: 0x0000003235f00000,0x0000003236000000] [id=51992]
  0x0000019d32811090 ConcurrentGCThread "G1 Service" [stack: 0x0000003236000000,0x0000003236100000] [id=23260]

Threads with active compile tasks:
C2 CompilerThread2     1355 1787       4       java.util.concurrent.ConcurrentHashMap$Traverser::advance (188 bytes)

VM state: at safepoint (normal execution)

VM Mutex/Monitor currently owned by a thread:  ([mutex/lock_event])
[0x0000019d14262cd0] Threads_lock - owner thread: 0x0000019d32955440
[0x0000019d142614a0] Heap_lock - owner thread: 0x0000019d14267c10

Heap address: 0x0000000083200000, size: 1998 MB, Compressed Oops mode: 32-bit

CDS archive(s) mapped at: [0x0000000800000000-0x0000000800c40000-0x0000000800c40000), size 12845056, SharedBaseAddress: 0x0000000800000000, ArchiveRelocationMode: 0.
Compressed class space mapped at: 0x0000000801000000-0x0000000841000000, reserved size: 1073741824
Narrow klass base: 0x0000000800000000, Narrow klass shift: 0, Narrow klass range: 0x100000000

GC Precious Log:
 CardTable entry size: 512
 Card Set container configuration: InlinePtr #cards 5 size 8 Array Of Cards #cards 12 size 40 Howl #buckets 4 coarsen threshold 1843 Howl Bitmap #cards 512 size 80 coarsen threshold 460 Card regions per heap region 1 cards per card region 2048
 CPUs: 8 total, 8 available
 Memory: 7991M
 Large Page Support: Disabled
 NUMA Support: Disabled
 Compressed Oops: Enabled (32-bit)
 Heap Region Size: 1M
 Heap Min Capacity: 8M
 Heap Initial Capacity: 126M
 Heap Max Capacity: 1998M
 Pre-touch: Disabled
 Parallel Workers: 8
 Concurrent Workers: 2
 Concurrent Refinement Workers: 8
 Periodic GC: Disabled

Heap:
 garbage-first heap   total 246784K, used 62379K [0x0000000083200000, 0x0000000100000000)
  region size 1024K, 18 young (18432K), 18 survivors (18432K)
 Metaspace       used 10542K, committed 10752K, reserved 1114112K
  class space    used 1167K, committed 1280K, reserved 1048576K

Heap Regions: E=young(eden), S=young(survivor), O=old, HS=humongous(starts), HC=humongous(continues), CS=collection set, F=free, OA=open archive, CA=closed archive, TAMS=top-at-mark-start (previous, next)
|   0|0x0000000083200000, 0x0000000083300000, 0x0000000083300000|100%| O|  |TAMS 0x0000000083200000, 0x0000000083200000| Untracked 
|   1|0x0000000083300000, 0x0000000083400000, 0x0000000083400000|100%| O|  |TAMS 0x0000000083300000, 0x0000000083300000| Untracked 
|   2|0x0000000083400000, 0x0000000083500000, 0x0000000083500000|100%| O|  |TAMS 0x0000000083400000, 0x0000000083400000| Untracked 
|   3|0x0000000083500000, 0x0000000083600000, 0x0000000083600000|100%| O|  |TAMS 0x0000000083500000, 0x0000000083500000| Untracked 
|   4|0x0000000083600000, 0x0000000083700000, 0x0000000083700000|100%| O|  |TAMS 0x0000000083600000, 0x0000000083600000| Untracked 
|   5|0x0000000083700000, 0x0000000083800000, 0x0000000083800000|100%| O|  |TAMS 0x0000000083700000, 0x0000000083700000| Untracked 
|   6|0x0000000083800000, 0x0000000083900000, 0x0000000083900000|100%| O|  |TAMS 0x0000000083800000, 0x0000000083800000| Untracked 
|   7|0x0000000083900000, 0x0000000083a00000, 0x0000000083a00000|100%| O|  |TAMS 0x0000000083900000, 0x0000000083900000| Untracked 
|   8|0x0000000083a00000, 0x0000000083b00000, 0x0000000083b00000|100%|HS|  |TAMS 0x0000000083a00000, 0x0000000083a00000| Complete 
|   9|0x0000000083b00000, 0x0000000083c00000, 0x0000000083c00000|100%| O|  |TAMS 0x0000000083b00000, 0x0000000083b00000| Untracked 
|  10|0x0000000083c00000, 0x0000000083d00000, 0x0000000083d00000|100%| O|  |TAMS 0x0000000083c00000, 0x0000000083c00000| Untracked 
|  11|0x0000000083d00000, 0x0000000083e00000, 0x0000000083e00000|100%| O|  |TAMS 0x0000000083d00000, 0x0000000083d00000| Untracked 
|  12|0x0000000083e00000, 0x0000000083f00000, 0x0000000083f00000|100%| O|  |TAMS 0x0000000083e00000, 0x0000000083e00000| Untracked 
|  13|0x0000000083f00000, 0x0000000084000000, 0x0000000084000000|100%| O|  |TAMS 0x0000000083f00000, 0x0000000083f00000| Untracked 
|  14|0x0000000084000000, 0x0000000084100000, 0x0000000084100000|100%| O|  |TAMS 0x0000000084000000, 0x0000000084000000| Untracked 
|  15|0x0000000084100000, 0x0000000084200000, 0x0000000084200000|100%|HS|  |TAMS 0x0000000084100000, 0x0000000084100000| Complete 
|  16|0x0000000084200000, 0x0000000084300000, 0x0000000084300000|100%|HC|  |TAMS 0x0000000084200000, 0x0000000084200000| Complete 
|  17|0x0000000084300000, 0x0000000084400000, 0x0000000084400000|100%| O|  |TAMS 0x0000000084300000, 0x0000000084300000| Untracked 
|  18|0x0000000084400000, 0x0000000084500000, 0x0000000084500000|100%| O|  |TAMS 0x0000000084400000, 0x0000000084400000| Untracked 
|  19|0x0000000084500000, 0x0000000084600000, 0x0000000084600000|100%| O|  |TAMS 0x0000000084500000, 0x0000000084500000| Untracked 
|  20|0x0000000084600000, 0x0000000084700000, 0x0000000084700000|100%| O|  |TAMS 0x0000000084600000, 0x0000000084600000| Untracked 
|  21|0x0000000084700000, 0x0000000084800000, 0x0000000084800000|100%| O|  |TAMS 0x0000000084700000, 0x0000000084700000| Untracked 
|  22|0x0000000084800000, 0x0000000084900000, 0x0000000084900000|100%| O|  |TAMS 0x0000000084800000, 0x0000000084800000| Untracked 
|  23|0x0000000084900000, 0x0000000084a00000, 0x0000000084a00000|100%| O|  |TAMS 0x0000000084900000, 0x0000000084900000| Untracked 
|  24|0x0000000084a00000, 0x0000000084b00000, 0x0000000084b00000|100%| O|  |TAMS 0x0000000084a00000, 0x0000000084a00000| Untracked 
|  25|0x0000000084b00000, 0x0000000084c00000, 0x0000000084c00000|100%|HS|  |TAMS 0x0000000084b00000, 0x0000000084b00000| Complete 
|  26|0x0000000084c00000, 0x0000000084d00000, 0x0000000084d00000|100%|HC|  |TAMS 0x0000000084c00000, 0x0000000084c00000| Complete 
|  27|0x0000000084d00000, 0x0000000084e00000, 0x0000000084e00000|100%|HC|  |TAMS 0x0000000084d00000, 0x0000000084d00000| Complete 
|  28|0x0000000084e00000, 0x0000000084f00000, 0x0000000084f00000|100%| O|  |TAMS 0x0000000084e00000, 0x0000000084e00000| Untracked 
|  29|0x0000000084f00000, 0x0000000085000000, 0x0000000085000000|100%| O|  |TAMS 0x0000000084f00000, 0x0000000084f00000| Untracked 
|  30|0x0000000085000000, 0x0000000085100000, 0x0000000085100000|100%| O|  |TAMS 0x0000000085000000, 0x0000000085000000| Untracked 
|  31|0x0000000085100000, 0x0000000085200000, 0x0000000085200000|100%| O|  |TAMS 0x0000000085100000, 0x0000000085100000| Untracked 
|  32|0x0000000085200000, 0x0000000085300000, 0x0000000085300000|100%| O|  |TAMS 0x0000000085200000, 0x0000000085200000| Untracked 
|  33|0x0000000085300000, 0x0000000085400000, 0x0000000085400000|100%| O|  |TAMS 0x0000000085300000, 0x0000000085300000| Untracked 
|  34|0x0000000085400000, 0x0000000085500000, 0x0000000085500000|100%| O|  |TAMS 0x0000000085400000, 0x0000000085400000| Untracked 
|  35|0x0000000085500000, 0x0000000085600000, 0x0000000085600000|100%| O|  |TAMS 0x0000000085500000, 0x0000000085500000| Untracked 
|  36|0x0000000085600000, 0x0000000085700000, 0x0000000085700000|100%| O|  |TAMS 0x0000000085600000, 0x0000000085600000| Untracked 
|  37|0x0000000085700000, 0x0000000085800000, 0x0000000085800000|100%| O|  |TAMS 0x0000000085700000, 0x0000000085700000| Untracked 
|  38|0x0000000085800000, 0x0000000085900000, 0x0000000085900000|100%| O|  |TAMS 0x0000000085800000, 0x0000000085800000| Untracked 
|  39|0x0000000085900000, 0x0000000085a00000, 0x0000000085a00000|100%| O|  |TAMS 0x0000000085900000, 0x0000000085900000| Untracked 
|  40|0x0000000085a00000, 0x0000000085b00000, 0x0000000085b00000|100%| O|  |TAMS 0x0000000085a00000, 0x0000000085a00000| Untracked 
|  41|0x0000000085b00000, 0x0000000085c00000, 0x0000000085c00000|100%| O|  |TAMS 0x0000000085b00000, 0x0000000085b00000| Untracked 
|  42|0x0000000085c00000, 0x0000000085ceac00, 0x0000000085d00000| 91%| O|  |TAMS 0x0000000085c00000, 0x0000000085c00000| Untracked 
|  43|0x0000000085d00000, 0x0000000085d00000, 0x0000000085e00000|  0%| F|  |TAMS 0x0000000085d00000, 0x0000000085d00000| Untracked 
|  44|0x0000000085e00000, 0x0000000085e00000, 0x0000000085f00000|  0%| F|  |TAMS 0x0000000085e00000, 0x0000000085e00000| Untracked 
|  45|0x0000000085f00000, 0x0000000085f00000, 0x0000000086000000|  0%| F|  |TAMS 0x0000000085f00000, 0x0000000085f00000| Untracked 
|  46|0x0000000086000000, 0x0000000086000000, 0x0000000086100000|  0%| F|  |TAMS 0x0000000086000000, 0x0000000086000000| Untracked 
|  47|0x0000000086100000, 0x0000000086100000, 0x0000000086200000|  0%| F|  |TAMS 0x0000000086100000, 0x0000000086100000| Untracked 
|  48|0x0000000086200000, 0x0000000086200000, 0x0000000086300000|  0%| F|  |TAMS 0x0000000086200000, 0x0000000086200000| Untracked 
|  49|0x0000000086300000, 0x0000000086300000, 0x0000000086400000|  0%| F|  |TAMS 0x0000000086300000, 0x0000000086300000| Untracked 
|  50|0x0000000086400000, 0x0000000086400000, 0x0000000086500000|  0%| F|  |TAMS 0x0000000086400000, 0x0000000086400000| Untracked 
|  51|0x0000000086500000, 0x0000000086500000, 0x0000000086600000|  0%| F|  |TAMS 0x0000000086500000, 0x0000000086500000| Untracked 
|  52|0x0000000086600000, 0x0000000086600000, 0x0000000086700000|  0%| F|  |TAMS 0x0000000086600000, 0x0000000086600000| Untracked 
|  53|0x0000000086700000, 0x0000000086700000, 0x0000000086800000|  0%| F|  |TAMS 0x0000000086700000, 0x0000000086700000| Untracked 
|  54|0x0000000086800000, 0x0000000086800000, 0x0000000086900000|  0%| F|  |TAMS 0x0000000086800000, 0x0000000086800000| Untracked 
|  55|0x0000000086900000, 0x0000000086900000, 0x0000000086a00000|  0%| F|  |TAMS 0x0000000086900000, 0x0000000086900000| Untracked 
|  56|0x0000000086a00000, 0x0000000086a00000, 0x0000000086b00000|  0%| F|  |TAMS 0x0000000086a00000, 0x0000000086a00000| Untracked 
|  57|0x0000000086b00000, 0x0000000086b00000, 0x0000000086c00000|  0%| F|  |TAMS 0x0000000086b00000, 0x0000000086b00000| Untracked 
|  58|0x0000000086c00000, 0x0000000086c00000, 0x0000000086d00000|  0%| F|  |TAMS 0x0000000086c00000, 0x0000000086c00000| Untracked 
|  59|0x0000000086d00000, 0x0000000086d00000, 0x0000000086e00000|  0%| F|  |TAMS 0x0000000086d00000, 0x0000000086d00000| Untracked 
|  60|0x0000000086e00000, 0x0000000086e00000, 0x0000000086f00000|  0%| F|  |TAMS 0x0000000086e00000, 0x0000000086e00000| Untracked 
|  61|0x0000000086f00000, 0x0000000086f00000, 0x0000000087000000|  0%| F|  |TAMS 0x0000000086f00000, 0x0000000086f00000| Untracked 
|  62|0x0000000087000000, 0x0000000087000000, 0x0000000087100000|  0%| F|  |TAMS 0x0000000087000000, 0x0000000087000000| Untracked 
|  63|0x0000000087100000, 0x0000000087100000, 0x0000000087200000|  0%| F|  |TAMS 0x0000000087100000, 0x0000000087100000| Untracked 
|  64|0x0000000087200000, 0x0000000087200000, 0x0000000087300000|  0%| F|  |TAMS 0x0000000087200000, 0x0000000087200000| Untracked 
|  65|0x0000000087300000, 0x0000000087300000, 0x0000000087400000|  0%| F|  |TAMS 0x0000000087300000, 0x0000000087300000| Untracked 
|  66|0x0000000087400000, 0x0000000087400000, 0x0000000087500000|  0%| F|  |TAMS 0x0000000087400000, 0x0000000087400000| Untracked 
|  67|0x0000000087500000, 0x0000000087500000, 0x0000000087600000|  0%| F|  |TAMS 0x0000000087500000, 0x0000000087500000| Untracked 
|  68|0x0000000087600000, 0x0000000087600000, 0x0000000087700000|  0%| F|  |TAMS 0x0000000087600000, 0x0000000087600000| Untracked 
|  69|0x0000000087700000, 0x0000000087700000, 0x0000000087800000|  0%| F|  |TAMS 0x0000000087700000, 0x0000000087700000| Untracked 
|  70|0x0000000087800000, 0x0000000087800000, 0x0000000087900000|  0%| F|  |TAMS 0x0000000087800000, 0x0000000087800000| Untracked 
|  71|0x0000000087900000, 0x0000000087900000, 0x0000000087a00000|  0%| F|  |TAMS 0x0000000087900000, 0x0000000087900000| Untracked 
|  72|0x0000000087a00000, 0x0000000087a00000, 0x0000000087b00000|  0%| F|  |TAMS 0x0000000087a00000, 0x0000000087a00000| Untracked 
|  73|0x0000000087b00000, 0x0000000087b00000, 0x0000000087c00000|  0%| F|  |TAMS 0x0000000087b00000, 0x0000000087b00000| Untracked 
|  74|0x0000000087c00000, 0x0000000087c00000, 0x0000000087d00000|  0%| F|  |TAMS 0x0000000087c00000, 0x0000000087c00000| Untracked 
|  75|0x0000000087d00000, 0x0000000087d00000, 0x0000000087e00000|  0%| F|  |TAMS 0x0000000087d00000, 0x0000000087d00000| Untracked 
|  76|0x0000000087e00000, 0x0000000087e00000, 0x0000000087f00000|  0%| F|  |TAMS 0x0000000087e00000, 0x0000000087e00000| Untracked 
|  77|0x0000000087f00000, 0x0000000087f00000, 0x0000000088000000|  0%| F|  |TAMS 0x0000000087f00000, 0x0000000087f00000| Untracked 
|  78|0x0000000088000000, 0x0000000088000000, 0x0000000088100000|  0%| F|  |TAMS 0x0000000088000000, 0x0000000088000000| Untracked 
|  79|0x0000000088100000, 0x0000000088200000, 0x0000000088200000|100%| S|CS|TAMS 0x0000000088100000, 0x0000000088100000| Complete 
|  80|0x0000000088200000, 0x0000000088300000, 0x0000000088300000|100%| S|CS|TAMS 0x0000000088200000, 0x0000000088200000| Complete 
|  81|0x0000000088300000, 0x0000000088400000, 0x0000000088400000|100%| S|CS|TAMS 0x0000000088300000, 0x0000000088300000| Complete 
|  82|0x0000000088400000, 0x0000000088500000, 0x0000000088500000|100%| S|CS|TAMS 0x0000000088400000, 0x0000000088400000| Complete 
|  83|0x0000000088500000, 0x0000000088600000, 0x0000000088600000|100%| S|CS|TAMS 0x0000000088500000, 0x0000000088500000| Complete 
|  84|0x0000000088600000, 0x0000000088700000, 0x0000000088700000|100%| S|CS|TAMS 0x0000000088600000, 0x0000000088600000| Complete 
|  85|0x0000000088700000, 0x0000000088800000, 0x0000000088800000|100%| S|CS|TAMS 0x0000000088700000, 0x0000000088700000| Complete 
|  86|0x0000000088800000, 0x0000000088900000, 0x0000000088900000|100%| S|CS|TAMS 0x0000000088800000, 0x0000000088800000| Complete 
|  87|0x0000000088900000, 0x0000000088a00000, 0x0000000088a00000|100%| S|CS|TAMS 0x0000000088900000, 0x0000000088900000| Complete 
|  88|0x0000000088a00000, 0x0000000088b00000, 0x0000000088b00000|100%| S|CS|TAMS 0x0000000088a00000, 0x0000000088a00000| Complete 
|  89|0x0000000088b00000, 0x0000000088c00000, 0x0000000088c00000|100%| S|CS|TAMS 0x0000000088b00000, 0x0000000088b00000| Complete 
|  90|0x0000000088c00000, 0x0000000088d00000, 0x0000000088d00000|100%| S|CS|TAMS 0x0000000088c00000, 0x0000000088c00000| Complete 
|  91|0x0000000088d00000, 0x0000000088e00000, 0x0000000088e00000|100%| S|CS|TAMS 0x0000000088d00000, 0x0000000088d00000| Complete 
|  92|0x0000000088e00000, 0x0000000088e00000, 0x0000000088f00000|  0%| F|  |TAMS 0x0000000088e00000, 0x0000000088e00000| Untracked 
|  93|0x0000000088f00000, 0x0000000088f00000, 0x0000000089000000|  0%| F|  |TAMS 0x0000000088f00000, 0x0000000088f00000| Untracked 
|  94|0x0000000089000000, 0x0000000089000000, 0x0000000089100000|  0%| F|  |TAMS 0x0000000089000000, 0x0000000089000000| Untracked 
|  95|0x0000000089100000, 0x0000000089100000, 0x0000000089200000|  0%| F|  |TAMS 0x0000000089100000, 0x0000000089100000| Untracked 
|  96|0x0000000089200000, 0x0000000089200000, 0x0000000089300000|  0%| F|  |TAMS 0x0000000089200000, 0x0000000089200000| Untracked 
|  97|0x0000000089300000, 0x0000000089300000, 0x0000000089400000|  0%| F|  |TAMS 0x0000000089300000, 0x0000000089300000| Untracked 
|  98|0x0000000089400000, 0x0000000089400000, 0x0000000089500000|  0%| F|  |TAMS 0x0000000089400000, 0x0000000089400000| Untracked 
|  99|0x0000000089500000, 0x0000000089500000, 0x0000000089600000|  0%| F|  |TAMS 0x0000000089500000, 0x0000000089500000| Untracked 
| 100|0x0000000089600000, 0x0000000089600000, 0x0000000089700000|  0%| F|  |TAMS 0x0000000089600000, 0x0000000089600000| Untracked 
| 101|0x0000000089700000, 0x0000000089700000, 0x0000000089800000|  0%| F|  |TAMS 0x0000000089700000, 0x0000000089700000| Untracked 
| 102|0x0000000089800000, 0x0000000089800000, 0x0000000089900000|  0%| F|  |TAMS 0x0000000089800000, 0x0000000089800000| Untracked 
| 103|0x0000000089900000, 0x0000000089900000, 0x0000000089a00000|  0%| F|  |TAMS 0x0000000089900000, 0x0000000089900000| Untracked 
| 104|0x0000000089a00000, 0x0000000089a00000, 0x0000000089b00000|  0%| F|  |TAMS 0x0000000089a00000, 0x0000000089a00000| Untracked 
| 105|0x0000000089b00000, 0x0000000089c00000, 0x0000000089c00000|100%| S|CS|TAMS 0x0000000089b00000, 0x0000000089b00000| Complete 
| 106|0x0000000089c00000, 0x0000000089d00000, 0x0000000089d00000|100%| S|CS|TAMS 0x0000000089c00000, 0x0000000089c00000| Complete 
| 107|0x0000000089d00000, 0x0000000089e00000, 0x0000000089e00000|100%| S|CS|TAMS 0x0000000089d00000, 0x0000000089d00000| Complete 
| 108|0x0000000089e00000, 0x0000000089f00000, 0x0000000089f00000|100%| S|CS|TAMS 0x0000000089e00000, 0x0000000089e00000| Complete 
| 109|0x0000000089f00000, 0x000000008a000000, 0x000000008a000000|100%| S|CS|TAMS 0x0000000089f00000, 0x0000000089f00000| Complete 
| 110|0x000000008a000000, 0x000000008a000000, 0x000000008a100000|  0%| F|  |TAMS 0x000000008a000000, 0x000000008a000000| Untracked 
| 111|0x000000008a100000, 0x000000008a100000, 0x000000008a200000|  0%| F|  |TAMS 0x000000008a100000, 0x000000008a100000| Untracked 
| 112|0x000000008a200000, 0x000000008a200000, 0x000000008a300000|  0%| F|  |TAMS 0x000000008a200000, 0x000000008a200000| Untracked 
| 113|0x000000008a300000, 0x000000008a300000, 0x000000008a400000|  0%| F|  |TAMS 0x000000008a300000, 0x000000008a300000| Untracked 
| 114|0x000000008a400000, 0x000000008a400000, 0x000000008a500000|  0%| F|  |TAMS 0x000000008a400000, 0x000000008a400000| Untracked 
| 115|0x000000008a500000, 0x000000008a500000, 0x000000008a600000|  0%| F|  |TAMS 0x000000008a500000, 0x000000008a500000| Untracked 
| 116|0x000000008a600000, 0x000000008a600000, 0x000000008a700000|  0%| F|  |TAMS 0x000000008a600000, 0x000000008a600000| Untracked 
| 117|0x000000008a700000, 0x000000008a700000, 0x000000008a800000|  0%| F|  |TAMS 0x000000008a700000, 0x000000008a700000| Untracked 
| 118|0x000000008a800000, 0x000000008a800000, 0x000000008a900000|  0%| F|  |TAMS 0x000000008a800000, 0x000000008a800000| Untracked 
| 119|0x000000008a900000, 0x000000008a900000, 0x000000008aa00000|  0%| F|  |TAMS 0x000000008a900000, 0x000000008a900000| Untracked 
| 120|0x000000008aa00000, 0x000000008aa00000, 0x000000008ab00000|  0%| F|  |TAMS 0x000000008aa00000, 0x000000008aa00000| Untracked 
| 121|0x000000008ab00000, 0x000000008ab00000, 0x000000008ac00000|  0%| F|  |TAMS 0x000000008ab00000, 0x000000008ab00000| Untracked 
| 122|0x000000008ac00000, 0x000000008ac00000, 0x000000008ad00000|  0%| F|  |TAMS 0x000000008ac00000, 0x000000008ac00000| Untracked 
| 123|0x000000008ad00000, 0x000000008ad00000, 0x000000008ae00000|  0%| F|  |TAMS 0x000000008ad00000, 0x000000008ad00000| Untracked 
| 124|0x000000008ae00000, 0x000000008ae00000, 0x000000008af00000|  0%| F|  |TAMS 0x000000008ae00000, 0x000000008ae00000| Untracked 
| 125|0x000000008af00000, 0x000000008af00000, 0x000000008b000000|  0%| F|  |TAMS 0x000000008af00000, 0x000000008af00000| Untracked 
| 126|0x000000008b000000, 0x000000008b000000, 0x000000008b100000|  0%| F|  |TAMS 0x000000008b000000, 0x000000008b000000| Untracked 
| 127|0x000000008b100000, 0x000000008b100000, 0x000000008b200000|  0%| F|  |TAMS 0x000000008b100000, 0x000000008b100000| Untracked 
| 128|0x000000008b200000, 0x000000008b200000, 0x000000008b300000|  0%| F|  |TAMS 0x000000008b200000, 0x000000008b200000| Untracked 
| 129|0x000000008b300000, 0x000000008b300000, 0x000000008b400000|  0%| F|  |TAMS 0x000000008b300000, 0x000000008b300000| Untracked 
| 130|0x000000008b400000, 0x000000008b400000, 0x000000008b500000|  0%| F|  |TAMS 0x000000008b400000, 0x000000008b400000| Untracked 
| 131|0x000000008b500000, 0x000000008b500000, 0x000000008b600000|  0%| F|  |TAMS 0x000000008b500000, 0x000000008b500000| Untracked 
| 132|0x000000008b600000, 0x000000008b600000, 0x000000008b700000|  0%| F|  |TAMS 0x000000008b600000, 0x000000008b600000| Untracked 
| 133|0x000000008b700000, 0x000000008b700000, 0x000000008b800000|  0%| F|  |TAMS 0x000000008b700000, 0x000000008b700000| Untracked 
| 134|0x000000008b800000, 0x000000008b800000, 0x000000008b900000|  0%| F|  |TAMS 0x000000008b800000, 0x000000008b800000| Untracked 
| 135|0x000000008b900000, 0x000000008b900000, 0x000000008ba00000|  0%| F|  |TAMS 0x000000008b900000, 0x000000008b900000| Untracked 
| 136|0x000000008ba00000, 0x000000008ba00000, 0x000000008bb00000|  0%| F|  |TAMS 0x000000008ba00000, 0x000000008ba00000| Untracked 
| 137|0x000000008bb00000, 0x000000008bb00000, 0x000000008bc00000|  0%| F|  |TAMS 0x000000008bb00000, 0x000000008bb00000| Untracked 
| 138|0x000000008bc00000, 0x000000008bc00000, 0x000000008bd00000|  0%| F|  |TAMS 0x000000008bc00000, 0x000000008bc00000| Untracked 
| 139|0x000000008bd00000, 0x000000008bd00000, 0x000000008be00000|  0%| F|  |TAMS 0x000000008bd00000, 0x000000008bd00000| Untracked 
| 140|0x000000008be00000, 0x000000008be00000, 0x000000008bf00000|  0%| F|  |TAMS 0x000000008be00000, 0x000000008be00000| Untracked 
| 141|0x000000008bf00000, 0x000000008bf00000, 0x000000008c000000|  0%| F|  |TAMS 0x000000008bf00000, 0x000000008bf00000| Untracked 
| 142|0x000000008c000000, 0x000000008c000000, 0x000000008c100000|  0%| F|  |TAMS 0x000000008c000000, 0x000000008c000000| Untracked 
| 143|0x000000008c100000, 0x000000008c100000, 0x000000008c200000|  0%| F|  |TAMS 0x000000008c100000, 0x000000008c100000| Untracked 
| 144|0x000000008c200000, 0x000000008c200000, 0x000000008c300000|  0%| F|  |TAMS 0x000000008c200000, 0x000000008c200000| Untracked 
| 145|0x000000008c300000, 0x000000008c300000, 0x000000008c400000|  0%| F|  |TAMS 0x000000008c300000, 0x000000008c300000| Untracked 
| 146|0x000000008c400000, 0x000000008c400000, 0x000000008c500000|  0%| F|  |TAMS 0x000000008c400000, 0x000000008c400000| Untracked 
| 147|0x000000008c500000, 0x000000008c500000, 0x000000008c600000|  0%| F|  |TAMS 0x000000008c500000, 0x000000008c500000| Untracked 
| 148|0x000000008c600000, 0x000000008c600000, 0x000000008c700000|  0%| F|  |TAMS 0x000000008c600000, 0x000000008c600000| Untracked 
| 149|0x000000008c700000, 0x000000008c700000, 0x000000008c800000|  0%| F|  |TAMS 0x000000008c700000, 0x000000008c700000| Untracked 
| 150|0x000000008c800000, 0x000000008c800000, 0x000000008c900000|  0%| F|  |TAMS 0x000000008c800000, 0x000000008c800000| Untracked 
| 151|0x000000008c900000, 0x000000008c900000, 0x000000008ca00000|  0%| F|  |TAMS 0x000000008c900000, 0x000000008c900000| Untracked 
| 152|0x000000008ca00000, 0x000000008ca00000, 0x000000008cb00000|  0%| F|  |TAMS 0x000000008ca00000, 0x000000008ca00000| Untracked 
| 153|0x000000008cb00000, 0x000000008cb00000, 0x000000008cc00000|  0%| F|  |TAMS 0x000000008cb00000, 0x000000008cb00000| Untracked 
| 154|0x000000008cc00000, 0x000000008cc00000, 0x000000008cd00000|  0%| F|  |TAMS 0x000000008cc00000, 0x000000008cc00000| Untracked 
| 155|0x000000008cd00000, 0x000000008cd00000, 0x000000008ce00000|  0%| F|  |TAMS 0x000000008cd00000, 0x000000008cd00000| Untracked 
| 156|0x000000008ce00000, 0x000000008ce00000, 0x000000008cf00000|  0%| F|  |TAMS 0x000000008ce00000, 0x000000008ce00000| Untracked 
| 157|0x000000008cf00000, 0x000000008cf00000, 0x000000008d000000|  0%| F|  |TAMS 0x000000008cf00000, 0x000000008cf00000| Untracked 
| 158|0x000000008d000000, 0x000000008d000000, 0x000000008d100000|  0%| F|  |TAMS 0x000000008d000000, 0x000000008d000000| Untracked 
| 159|0x000000008d100000, 0x000000008d100000, 0x000000008d200000|  0%| F|  |TAMS 0x000000008d100000, 0x000000008d100000| Untracked 
| 160|0x000000008d200000, 0x000000008d200000, 0x000000008d300000|  0%| F|  |TAMS 0x000000008d200000, 0x000000008d200000| Untracked 
| 161|0x000000008d300000, 0x000000008d300000, 0x000000008d400000|  0%| F|  |TAMS 0x000000008d300000, 0x000000008d300000| Untracked 
| 162|0x000000008d400000, 0x000000008d400000, 0x000000008d500000|  0%| F|  |TAMS 0x000000008d400000, 0x000000008d400000| Untracked 
| 163|0x000000008d500000, 0x000000008d500000, 0x000000008d600000|  0%| F|  |TAMS 0x000000008d500000, 0x000000008d500000| Untracked 
| 164|0x000000008d600000, 0x000000008d600000, 0x000000008d700000|  0%| F|  |TAMS 0x000000008d600000, 0x000000008d600000| Untracked 
| 165|0x000000008d700000, 0x000000008d700000, 0x000000008d800000|  0%| F|  |TAMS 0x000000008d700000, 0x000000008d700000| Untracked 
| 166|0x000000008d800000, 0x000000008d800000, 0x000000008d900000|  0%| F|  |TAMS 0x000000008d800000, 0x000000008d800000| Untracked 
| 167|0x000000008d900000, 0x000000008d900000, 0x000000008da00000|  0%| F|  |TAMS 0x000000008d900000, 0x000000008d900000| Untracked 
| 168|0x000000008da00000, 0x000000008da00000, 0x000000008db00000|  0%| F|  |TAMS 0x000000008da00000, 0x000000008da00000| Untracked 
| 169|0x000000008db00000, 0x000000008db00000, 0x000000008dc00000|  0%| F|  |TAMS 0x000000008db00000, 0x000000008db00000| Untracked 
| 170|0x000000008dc00000, 0x000000008dc00000, 0x000000008dd00000|  0%| F|  |TAMS 0x000000008dc00000, 0x000000008dc00000| Untracked 
| 171|0x000000008dd00000, 0x000000008dd00000, 0x000000008de00000|  0%| F|  |TAMS 0x000000008dd00000, 0x000000008dd00000| Untracked 
| 172|0x000000008de00000, 0x000000008de00000, 0x000000008df00000|  0%| F|  |TAMS 0x000000008de00000, 0x000000008de00000| Untracked 
| 173|0x000000008df00000, 0x000000008df00000, 0x000000008e000000|  0%| F|  |TAMS 0x000000008df00000, 0x000000008df00000| Untracked 
| 174|0x000000008e000000, 0x000000008e000000, 0x000000008e100000|  0%| F|  |TAMS 0x000000008e000000, 0x000000008e000000| Untracked 
| 175|0x000000008e100000, 0x000000008e100000, 0x000000008e200000|  0%| F|  |TAMS 0x000000008e100000, 0x000000008e100000| Untracked 
| 176|0x000000008e200000, 0x000000008e200000, 0x000000008e300000|  0%| F|  |TAMS 0x000000008e200000, 0x000000008e200000| Untracked 
| 177|0x000000008e300000, 0x000000008e300000, 0x000000008e400000|  0%| F|  |TAMS 0x000000008e300000, 0x000000008e300000| Untracked 
| 178|0x000000008e400000, 0x000000008e400000, 0x000000008e500000|  0%| F|  |TAMS 0x000000008e400000, 0x000000008e400000| Untracked 
| 179|0x000000008e500000, 0x000000008e500000, 0x000000008e600000|  0%| F|  |TAMS 0x000000008e500000, 0x000000008e500000| Untracked 
| 180|0x000000008e600000, 0x000000008e600000, 0x000000008e700000|  0%| F|  |TAMS 0x000000008e600000, 0x000000008e600000| Untracked 
| 181|0x000000008e700000, 0x000000008e700000, 0x000000008e800000|  0%| F|  |TAMS 0x000000008e700000, 0x000000008e700000| Untracked 
| 182|0x000000008e800000, 0x000000008e800000, 0x000000008e900000|  0%| F|  |TAMS 0x000000008e800000, 0x000000008e800000| Untracked 
| 183|0x000000008e900000, 0x000000008e900000, 0x000000008ea00000|  0%| F|  |TAMS 0x000000008e900000, 0x000000008e900000| Untracked 
| 184|0x000000008ea00000, 0x000000008ea00000, 0x000000008eb00000|  0%| F|  |TAMS 0x000000008ea00000, 0x000000008ea00000| Untracked 
| 185|0x000000008eb00000, 0x000000008eb00000, 0x000000008ec00000|  0%| F|  |TAMS 0x000000008eb00000, 0x000000008eb00000| Untracked 
| 186|0x000000008ec00000, 0x000000008ec00000, 0x000000008ed00000|  0%| F|  |TAMS 0x000000008ec00000, 0x000000008ec00000| Untracked 
| 187|0x000000008ed00000, 0x000000008ed00000, 0x000000008ee00000|  0%| F|  |TAMS 0x000000008ed00000, 0x000000008ed00000| Untracked 
| 188|0x000000008ee00000, 0x000000008ee00000, 0x000000008ef00000|  0%| F|  |TAMS 0x000000008ee00000, 0x000000008ee00000| Untracked 
| 189|0x000000008ef00000, 0x000000008ef00000, 0x000000008f000000|  0%| F|  |TAMS 0x000000008ef00000, 0x000000008ef00000| Untracked 
| 190|0x000000008f000000, 0x000000008f000000, 0x000000008f100000|  0%| F|  |TAMS 0x000000008f000000, 0x000000008f000000| Untracked 
| 191|0x000000008f100000, 0x000000008f100000, 0x000000008f200000|  0%| F|  |TAMS 0x000000008f100000, 0x000000008f100000| Untracked 
| 192|0x000000008f200000, 0x000000008f200000, 0x000000008f300000|  0%| F|  |TAMS 0x000000008f200000, 0x000000008f200000| Untracked 
| 193|0x000000008f300000, 0x000000008f300000, 0x000000008f400000|  0%| F|  |TAMS 0x000000008f300000, 0x000000008f300000| Untracked 
| 194|0x000000008f400000, 0x000000008f400000, 0x000000008f500000|  0%| F|  |TAMS 0x000000008f400000, 0x000000008f400000| Untracked 
| 195|0x000000008f500000, 0x000000008f500000, 0x000000008f600000|  0%| F|  |TAMS 0x000000008f500000, 0x000000008f500000| Untracked 
| 196|0x000000008f600000, 0x000000008f600000, 0x000000008f700000|  0%| F|  |TAMS 0x000000008f600000, 0x000000008f600000| Untracked 
| 197|0x000000008f700000, 0x000000008f700000, 0x000000008f800000|  0%| F|  |TAMS 0x000000008f700000, 0x000000008f700000| Untracked 
| 198|0x000000008f800000, 0x000000008f800000, 0x000000008f900000|  0%| F|  |TAMS 0x000000008f800000, 0x000000008f800000| Untracked 
| 199|0x000000008f900000, 0x000000008f900000, 0x000000008fa00000|  0%| F|  |TAMS 0x000000008f900000, 0x000000008f900000| Untracked 
| 200|0x000000008fa00000, 0x000000008fa00000, 0x000000008fb00000|  0%| F|  |TAMS 0x000000008fa00000, 0x000000008fa00000| Untracked 
| 201|0x000000008fb00000, 0x000000008fb00000, 0x000000008fc00000|  0%| F|  |TAMS 0x000000008fb00000, 0x000000008fb00000| Untracked 
| 202|0x000000008fc00000, 0x000000008fc00000, 0x000000008fd00000|  0%| F|  |TAMS 0x000000008fc00000, 0x000000008fc00000| Untracked 
| 203|0x000000008fd00000, 0x000000008fd00000, 0x000000008fe00000|  0%| F|  |TAMS 0x000000008fd00000, 0x000000008fd00000| Untracked 
| 204|0x000000008fe00000, 0x000000008fe00000, 0x000000008ff00000|  0%| F|  |TAMS 0x000000008fe00000, 0x000000008fe00000| Untracked 
| 205|0x000000008ff00000, 0x000000008ff00000, 0x0000000090000000|  0%| F|  |TAMS 0x000000008ff00000, 0x000000008ff00000| Untracked 
| 206|0x0000000090000000, 0x0000000090000000, 0x0000000090100000|  0%| F|  |TAMS 0x0000000090000000, 0x0000000090000000| Untracked 
| 207|0x0000000090100000, 0x0000000090100000, 0x0000000090200000|  0%| F|  |TAMS 0x0000000090100000, 0x0000000090100000| Untracked 
| 208|0x0000000090200000, 0x0000000090200000, 0x0000000090300000|  0%| F|  |TAMS 0x0000000090200000, 0x0000000090200000| Untracked 
| 209|0x0000000090300000, 0x0000000090300000, 0x0000000090400000|  0%| F|  |TAMS 0x0000000090300000, 0x0000000090300000| Untracked 
| 210|0x0000000090400000, 0x0000000090400000, 0x0000000090500000|  0%| F|  |TAMS 0x0000000090400000, 0x0000000090400000| Untracked 
| 211|0x0000000090500000, 0x0000000090500000, 0x0000000090600000|  0%| F|  |TAMS 0x0000000090500000, 0x0000000090500000| Untracked 
| 212|0x0000000090600000, 0x0000000090600000, 0x0000000090700000|  0%| F|  |TAMS 0x0000000090600000, 0x0000000090600000| Untracked 
| 213|0x0000000090700000, 0x0000000090700000, 0x0000000090800000|  0%| F|  |TAMS 0x0000000090700000, 0x0000000090700000| Untracked 
| 214|0x0000000090800000, 0x0000000090800000, 0x0000000090900000|  0%| F|  |TAMS 0x0000000090800000, 0x0000000090800000| Untracked 
| 215|0x0000000090900000, 0x0000000090900000, 0x0000000090a00000|  0%| F|  |TAMS 0x0000000090900000, 0x0000000090900000| Untracked 
| 216|0x0000000090a00000, 0x0000000090a00000, 0x0000000090b00000|  0%| F|  |TAMS 0x0000000090a00000, 0x0000000090a00000| Untracked 
| 217|0x0000000090b00000, 0x0000000090b00000, 0x0000000090c00000|  0%| F|  |TAMS 0x0000000090b00000, 0x0000000090b00000| Untracked 
| 218|0x0000000090c00000, 0x0000000090c00000, 0x0000000090d00000|  0%| F|  |TAMS 0x0000000090c00000, 0x0000000090c00000| Untracked 
| 219|0x0000000090d00000, 0x0000000090d00000, 0x0000000090e00000|  0%| F|  |TAMS 0x0000000090d00000, 0x0000000090d00000| Untracked 
| 220|0x0000000090e00000, 0x0000000090e00000, 0x0000000090f00000|  0%| F|  |TAMS 0x0000000090e00000, 0x0000000090e00000| Untracked 
| 221|0x0000000090f00000, 0x0000000090f00000, 0x0000000091000000|  0%| F|  |TAMS 0x0000000090f00000, 0x0000000090f00000| Untracked 
| 222|0x0000000091000000, 0x0000000091000000, 0x0000000091100000|  0%| F|  |TAMS 0x0000000091000000, 0x0000000091000000| Untracked 
| 223|0x0000000091100000, 0x0000000091100000, 0x0000000091200000|  0%| F|  |TAMS 0x0000000091100000, 0x0000000091100000| Untracked 
| 224|0x0000000091200000, 0x0000000091200000, 0x0000000091300000|  0%| F|  |TAMS 0x0000000091200000, 0x0000000091200000| Untracked 
| 225|0x0000000091300000, 0x0000000091300000, 0x0000000091400000|  0%| F|  |TAMS 0x0000000091300000, 0x0000000091300000| Untracked 
| 226|0x0000000091400000, 0x0000000091400000, 0x0000000091500000|  0%| F|  |TAMS 0x0000000091400000, 0x0000000091400000| Untracked 
| 227|0x0000000091500000, 0x0000000091500000, 0x0000000091600000|  0%| F|  |TAMS 0x0000000091500000, 0x0000000091500000| Untracked 
| 228|0x0000000091600000, 0x0000000091600000, 0x0000000091700000|  0%| F|  |TAMS 0x0000000091600000, 0x0000000091600000| Untracked 
| 229|0x0000000091700000, 0x0000000091700000, 0x0000000091800000|  0%| F|  |TAMS 0x0000000091700000, 0x0000000091700000| Untracked 
| 230|0x0000000091800000, 0x0000000091800000, 0x0000000091900000|  0%| F|  |TAMS 0x0000000091800000, 0x0000000091800000| Untracked 
| 231|0x0000000091900000, 0x0000000091900000, 0x0000000091a00000|  0%| F|  |TAMS 0x0000000091900000, 0x0000000091900000| Untracked 
| 232|0x0000000091a00000, 0x0000000091a00000, 0x0000000091b00000|  0%| F|  |TAMS 0x0000000091a00000, 0x0000000091a00000| Untracked 
| 233|0x0000000091b00000, 0x0000000091b00000, 0x0000000091c00000|  0%| F|  |TAMS 0x0000000091b00000, 0x0000000091b00000| Untracked 
| 234|0x0000000091c00000, 0x0000000091c00000, 0x0000000091d00000|  0%| F|  |TAMS 0x0000000091c00000, 0x0000000091c00000| Untracked 
| 235|0x0000000091d00000, 0x0000000091d00000, 0x0000000091e00000|  0%| F|  |TAMS 0x0000000091d00000, 0x0000000091d00000| Untracked 
| 236|0x0000000091e00000, 0x0000000091e00000, 0x0000000091f00000|  0%| F|  |TAMS 0x0000000091e00000, 0x0000000091e00000| Untracked 
| 237|0x0000000091f00000, 0x0000000091f00000, 0x0000000092000000|  0%| F|  |TAMS 0x0000000091f00000, 0x0000000091f00000| Untracked 
| 238|0x0000000092000000, 0x0000000092000000, 0x0000000092100000|  0%| F|  |TAMS 0x0000000092000000, 0x0000000092000000| Untracked 
| 239|0x0000000092100000, 0x0000000092100000, 0x0000000092200000|  0%| F|  |TAMS 0x0000000092100000, 0x0000000092100000| Untracked 
| 240|0x0000000092200000, 0x0000000092200000, 0x0000000092300000|  0%| F|  |TAMS 0x0000000092200000, 0x0000000092200000| Untracked 

Card table byte_map: [0x0000019d2b8e0000,0x0000019d2bcd0000] _byte_map_base: 0x0000019d2b4c7000

Marking Bits (Prev, Next): (CMBitMap*) 0x0000019d142c74f0, (CMBitMap*) 0x0000019d142c7530
 Prev Bits: [0x0000019d2c0c0000, 0x0000019d2dff8000)
 Next Bits: [0x0000019d2e000000, 0x0000019d2ff38000)

Polling page: 0x0000019d12210000

Metaspace:

Usage:
  Non-class:      9.16 MB used.
      Class:      1.14 MB used.
       Both:     10.30 MB used.

Virtual space:
  Non-class space:       64.00 MB reserved,       9.25 MB ( 14%) committed,  1 nodes.
      Class space:        1.00 GB reserved,       1.25 MB ( <1%) committed,  1 nodes.
             Both:        1.06 GB reserved,      10.50 MB ( <1%) committed. 

Chunk freelists:
   Non-Class:  2.19 MB
       Class:  2.59 MB
        Both:  4.78 MB

MaxMetaspaceSize: unlimited
CompressedClassSpaceSize: 1.00 GB
Initial GC threshold: 21.00 MB
Current GC threshold: 21.00 MB
CDS: on
MetaspaceReclaimPolicy: balanced
 - commit_granule_bytes: 65536.
 - commit_granule_words: 8192.
 - virtual_space_node_default_size: 8388608.
 - enlarge_chunks_in_place: 1.
 - new_chunks_are_fully_committed: 0.
 - uncommit_free_chunks: 1.
 - use_allocation_guard: 0.


Internal statistics:

num_allocs_failed_limit: 0.
num_arena_births: 96.
num_arena_deaths: 0.
num_vsnodes_births: 2.
num_vsnodes_deaths: 0.
num_space_committed: 167.
num_space_uncommitted: 0.
num_chunks_returned_to_freelist: 0.
num_chunks_taken_from_freelist: 301.
num_chunk_merges: 0.
num_chunk_splits: 195.
num_chunks_enlarged: 157.
num_inconsistent_stats: 0.

CodeHeap 'non-profiled nmethods': size=120000Kb used=993Kb max_used=993Kb free=119006Kb
 bounds [0x0000019d23c90000, 0x0000019d23f00000, 0x0000019d2b1c0000]
CodeHeap 'profiled nmethods': size=120000Kb used=3405Kb max_used=3405Kb free=116594Kb
 bounds [0x0000019d1c1c0000, 0x0000019d1c520000, 0x0000019d236f0000]
CodeHeap 'non-nmethods': size=5760Kb used=1308Kb max_used=1345Kb free=4451Kb
 bounds [0x0000019d236f0000, 0x0000019d23960000, 0x0000019d23c90000]
 total_blobs=2303 nmethods=1786 adapters=428
 compilation: enabled
              stopped_count=0, restarted_count=0
 full_count=0

Compilation events (20 events):
Event: 1.296 Thread 0x0000019d32982470 nmethod 1777 0x0000019d1c508a10 code [0x0000019d1c508fc0, 0x0000019d1c50b9f8]
Event: 1.297 Thread 0x0000019d32982470 1778 % !   3       com.optimaize.langdetect.profiles.OldLangProfileConverter::convert @ 47 (103 bytes)
Event: 1.297 Thread 0x0000019d32982470 nmethod 1778% 0x0000019d1c50cd10 code [0x0000019d1c50d020, 0x0000019d1c50e358]
Event: 1.299 Thread 0x0000019d32982470 1779   !   3       java.util.regex.Pattern::matcher (44 bytes)
Event: 1.299 Thread 0x0000019d32982470 nmethod 1779 0x0000019d1c50e910 code [0x0000019d1c50eae0, 0x0000019d1c50ee58]
Event: 1.299 Thread 0x0000019d32982470 1780   !   3       com.optimaize.langdetect.profiles.OldLangProfileConverter::convert (103 bytes)
Event: 1.299 Thread 0x0000019d32982470 nmethod 1780 0x0000019d1c50ef90 code [0x0000019d1c50f280, 0x0000019d1c5104d8]
Event: 1.300 Thread 0x0000019d32982470 1781       3       com.optimaize.langdetect.profiles.LanguageProfileImpl::makeStats (259 bytes)
Event: 1.301 Thread 0x0000019d32982470 nmethod 1781 0x0000019d1c510a10 code [0x0000019d1c510de0, 0x0000019d1c5127f8]
Event: 1.301 Thread 0x0000019d32982470 1782       1       java.util.zip.ZipFile$ZipFileInputStream::size (5 bytes)
Event: 1.301 Thread 0x0000019d32982470 nmethod 1782 0x0000019d23d86590 code [0x0000019d23d86720, 0x0000019d23d867d8]
Event: 1.303 Thread 0x0000019d36f45c10 1783       4       jdk.internal.jimage.ImageStringsReader::hashCode (33 bytes)
Event: 1.303 Thread 0x0000019d36e6d7a0 1784       4       java.util.regex.Matcher::find (69 bytes)
Event: 1.307 Thread 0x0000019d36f45c10 nmethod 1783 0x0000019d23d86890 code [0x0000019d23d86a40, 0x0000019d23d86d78]
Event: 1.311 Thread 0x0000019d32982470 1785       3       com.google.common.collect.Hashing::smear (19 bytes)
Event: 1.311 Thread 0x0000019d32982470 nmethod 1785 0x0000019d1c513010 code [0x0000019d1c5131a0, 0x0000019d1c513318]
Event: 1.311 Thread 0x0000019d32982470 1786       3       java.lang.Integer::rotateLeft (9 bytes)
Event: 1.311 Thread 0x0000019d32982470 nmethod 1786 0x0000019d1c513410 code [0x0000019d1c5135a0, 0x0000019d1c513698]
Event: 1.312 Thread 0x0000019d36f45c10 1787       4       java.util.concurrent.ConcurrentHashMap$Traverser::advance (188 bytes)
Event: 1.313 Thread 0x0000019d36e6d7a0 nmethod 1784 0x0000019d23d87110 code [0x0000019d23d87320, 0x0000019d23d87db8]

GC Heap History (17 events):
Event: 0.550 GC heap before
{Heap before GC invocations=0 (full 0):
 garbage-first heap   total 129024K, used 23552K [0x0000000083200000, 0x0000000100000000)
  region size 1024K, 23 young (23552K), 0 survivors (0K)
 Metaspace       used 8691K, committed 8832K, reserved 1114112K
  class space    used 991K, committed 1024K, reserved 1048576K
}
Event: 0.557 GC heap after
{Heap after GC invocations=1 (full 0):
 garbage-first heap   total 129024K, used 7887K [0x0000000083200000, 0x0000000100000000)
  region size 1024K, 3 young (3072K), 3 survivors (3072K)
 Metaspace       used 8691K, committed 8832K, reserved 1114112K
  class space    used 991K, committed 1024K, reserved 1048576K
}
Event: 0.653 GC heap before
{Heap before GC invocations=1 (full 0):
 garbage-first heap   total 129024K, used 32463K [0x0000000083200000, 0x0000000100000000)
  region size 1024K, 28 young (28672K), 3 survivors (3072K)
 Metaspace       used 9891K, committed 10112K, reserved 1114112K
  class space    used 1093K, committed 1216K, reserved 1048576K
}
Event: 0.658 GC heap after
{Heap after GC invocations=2 (full 0):
 garbage-first heap   total 129024K, used 9692K [0x0000000083200000, 0x0000000100000000)
  region size 1024K, 2 young (2048K), 2 survivors (2048K)
 Metaspace       used 9891K, committed 10112K, reserved 1114112K
  class space    used 1093K, committed 1216K, reserved 1048576K
}
Event: 0.736 GC heap before
{Heap before GC invocations=2 (full 0):
 garbage-first heap   total 129024K, used 83420K [0x0000000083200000, 0x0000000100000000)
  region size 1024K, 74 young (75776K), 2 survivors (2048K)
 Metaspace       used 9942K, committed 10176K, reserved 1114112K
  class space    used 1094K, committed 1216K, reserved 1048576K
}
Event: 0.744 GC heap after
{Heap after GC invocations=3 (full 0):
 garbage-first heap   total 129024K, used 13989K [0x0000000083200000, 0x0000000100000000)
  region size 1024K, 6 young (6144K), 6 survivors (6144K)
 Metaspace       used 9942K, committed 10176K, reserved 1114112K
  class space    used 1094K, committed 1216K, reserved 1048576K
}
Event: 0.801 GC heap before
{Heap before GC invocations=3 (full 0):
 garbage-first heap   total 129024K, used 85669K [0x0000000083200000, 0x0000000100000000)
  region size 1024K, 75 young (76800K), 6 survivors (6144K)
 Metaspace       used 10067K, committed 10240K, reserved 1114112K
  class space    used 1105K, committed 1216K, reserved 1048576K
}
Event: 0.811 GC heap after
{Heap after GC invocations=4 (full 0):
 garbage-first heap   total 129024K, used 19339K [0x0000000083200000, 0x0000000100000000)
  region size 1024K, 9 young (9216K), 9 survivors (9216K)
 Metaspace       used 10067K, committed 10240K, reserved 1114112K
  class space    used 1105K, committed 1216K, reserved 1048576K
}
Event: 0.835 GC heap before
{Heap before GC invocations=4 (full 0):
 garbage-first heap   total 129024K, used 86923K [0x0000000083200000, 0x0000000100000000)
  region size 1024K, 75 young (76800K), 9 survivors (9216K)
 Metaspace       used 10081K, committed 10304K, reserved 1114112K
  class space    used 1105K, committed 1216K, reserved 1048576K
}
Event: 0.848 GC heap after
{Heap after GC invocations=5 (full 0):
 garbage-first heap   total 246784K, used 23390K [0x0000000083200000, 0x0000000100000000)
  region size 1024K, 9 young (9216K), 9 survivors (9216K)
 Metaspace       used 10081K, committed 10304K, reserved 1114112K
  class space    used 1105K, committed 1216K, reserved 1048576K
}
Event: 0.944 GC heap before
{Heap before GC invocations=5 (full 0):
 garbage-first heap   total 246784K, used 163678K [0x0000000083200000, 0x0000000100000000)
  region size 1024K, 144 young (147456K), 9 survivors (9216K)
 Metaspace       used 10085K, committed 10304K, reserved 1114112K
  class space    used 1105K, committed 1216K, reserved 1048576K
}
Event: 0.958 GC heap after
{Heap after GC invocations=6 (full 0):
 garbage-first heap   total 246784K, used 34096K [0x0000000083200000, 0x0000000100000000)
  region size 1024K, 17 young (17408K), 17 survivors (17408K)
 Metaspace       used 10085K, committed 10304K, reserved 1114112K
  class space    used 1105K, committed 1216K, reserved 1048576K
}
Event: 0.997 GC heap before
{Heap before GC invocations=6 (full 0):
 garbage-first heap   total 246784K, used 164144K [0x0000000083200000, 0x0000000100000000)
  region size 1024K, 144 young (147456K), 17 survivors (17408K)
 Metaspace       used 10087K, committed 10304K, reserved 1114112K
  class space    used 1105K, committed 1216K, reserved 1048576K
}
Event: 1.012 GC heap after
{Heap after GC invocations=7 (full 0):
 garbage-first heap   total 246784K, used 40926K [0x0000000083200000, 0x0000000100000000)
  region size 1024K, 16 young (16384K), 16 survivors (16384K)
 Metaspace       used 10087K, committed 10304K, reserved 1114112K
  class space    used 1105K, committed 1216K, reserved 1048576K
}
Event: 1.068 GC heap before
{Heap before GC invocations=7 (full 0):
 garbage-first heap   total 246784K, used 175070K [0x0000000083200000, 0x0000000100000000)
  region size 1024K, 144 young (147456K), 16 survivors (16384K)
 Metaspace       used 10093K, committed 10304K, reserved 1114112K
  class space    used 1105K, committed 1216K, reserved 1048576K
}
Event: 1.084 GC heap after
{Heap after GC invocations=8 (full 0):
 garbage-first heap   total 246784K, used 50176K [0x0000000083200000, 0x0000000100000000)
  region size 1024K, 13 young (13312K), 13 survivors (13312K)
 Metaspace       used 10093K, committed 10304K, reserved 1114112K
  class space    used 1105K, committed 1216K, reserved 1048576K
}
Event: 1.314 GC heap before
{Heap before GC invocations=8 (full 0):
 garbage-first heap   total 246784K, used 183296K [0x0000000083200000, 0x0000000100000000)
  region size 1024K, 144 young (147456K), 13 survivors (13312K)
 Metaspace       used 10542K, committed 10752K, reserved 1114112K
  class space    used 1167K, committed 1280K, reserved 1048576K
}

Dll operation events (7 events):
Event: 0.005 Loaded shared library C:\Java\jdk-19\bin\java.dll
Event: 0.015 Loaded shared library C:\Java\jdk-19\bin\jsvml.dll
Event: 0.054 Loaded shared library C:\Java\jdk-19\bin\net.dll
Event: 0.055 Loaded shared library C:\Java\jdk-19\bin\nio.dll
Event: 0.058 Loaded shared library C:\Java\jdk-19\bin\zip.dll
Event: 0.064 Loaded shared library C:\Java\jdk-19\bin\jimage.dll
Event: 0.478 Loaded shared library C:\Java\jdk-19\bin\verify.dll

Deoptimization events (20 events):
Event: 1.235 Thread 0x0000019d14267c10 DEOPT PACKING pc=0x0000019d1c4ea32b sp=0x0000003235bfec80
Event: 1.235 Thread 0x0000019d14267c10 DEOPT UNPACKING pc=0x0000019d2375b0e3 sp=0x0000003235bfe1a0 mode 0
Event: 1.236 Thread 0x0000019d14267c10 DEOPT PACKING pc=0x0000019d1c4ec101 sp=0x0000003235bfe930
Event: 1.236 Thread 0x0000019d14267c10 DEOPT UNPACKING pc=0x0000019d2375b0e3 sp=0x0000003235bfddf8 mode 0
Event: 1.242 Thread 0x0000019d14267c10 DEOPT PACKING pc=0x0000019d1c4ea32b sp=0x0000003235bfec80
Event: 1.242 Thread 0x0000019d14267c10 DEOPT UNPACKING pc=0x0000019d2375b0e3 sp=0x0000003235bfe1a0 mode 0
Event: 1.242 Thread 0x0000019d14267c10 DEOPT PACKING pc=0x0000019d1c4ec101 sp=0x0000003235bfe930
Event: 1.242 Thread 0x0000019d14267c10 DEOPT UNPACKING pc=0x0000019d2375b0e3 sp=0x0000003235bfddf8 mode 0
Event: 1.248 Thread 0x0000019d14267c10 DEOPT PACKING pc=0x0000019d1c4ea32b sp=0x0000003235bfec80
Event: 1.248 Thread 0x0000019d14267c10 DEOPT UNPACKING pc=0x0000019d2375b0e3 sp=0x0000003235bfe1a0 mode 0
Event: 1.248 Thread 0x0000019d14267c10 DEOPT PACKING pc=0x0000019d1c4ec101 sp=0x0000003235bfe930
Event: 1.248 Thread 0x0000019d14267c10 DEOPT UNPACKING pc=0x0000019d2375b0e3 sp=0x0000003235bfddf8 mode 0
Event: 1.256 Thread 0x0000019d14267c10 DEOPT PACKING pc=0x0000019d1c4ec101 sp=0x0000003235bfe930
Event: 1.256 Thread 0x0000019d14267c10 DEOPT UNPACKING pc=0x0000019d2375b0e3 sp=0x0000003235bfddf8 mode 0
Event: 1.282 Thread 0x0000019d14267c10 DEOPT PACKING pc=0x0000019d1c4f101b sp=0x0000003235bfecf0
Event: 1.282 Thread 0x0000019d14267c10 DEOPT UNPACKING pc=0x0000019d2375b0e3 sp=0x0000003235bfe1c0 mode 0
Event: 1.292 Thread 0x0000019d14267c10 Uncommon trap: trap_request=0xffffffde fr.pc=0x0000019d23d0de28 relative=0x0000000000000a48
Event: 1.293 Thread 0x0000019d14267c10 Uncommon trap: reason=class_check action=maybe_recompile pc=0x0000019d23d0de28 method=java.util.regex.Matcher.search(I)Z @ 121 c2
Event: 1.293 Thread 0x0000019d14267c10 DEOPT PACKING pc=0x0000019d23d0de28 sp=0x0000003235bfed50
Event: 1.293 Thread 0x0000019d14267c10 DEOPT UNPACKING pc=0x0000019d2375a5a3 sp=0x0000003235bfed60 mode 2

Classes loaded (20 events):
Event: 0.784 Loading class sun/text/resources/BreakIteratorResources_en
Event: 0.784 Loading class sun/text/resources/BreakIteratorResources_en done
Event: 0.784 Loading class sun/text/RuleBasedBreakIterator
Event: 0.785 Loading class sun/text/RuleBasedBreakIterator done
Event: 0.785 Loading class sun/text/CompactByteArray
Event: 0.785 Loading class sun/text/CompactByteArray done
Event: 0.786 Loading class sun/text/SupplementaryCharacterData
Event: 0.786 Loading class sun/text/SupplementaryCharacterData done
Event: 0.786 Loading class java/text/BreakIterator$BreakIteratorCache
Event: 0.786 Loading class java/text/BreakIterator$BreakIteratorCache done
Event: 0.786 Loading class java/text/StringCharacterIterator
Event: 0.786 Loading class java/text/CharacterIterator
Event: 0.786 Loading class java/text/CharacterIterator done
Event: 0.786 Loading class java/text/StringCharacterIterator done
Event: 1.115 Loading class java/io/FileFilter
Event: 1.115 Loading class java/io/FileFilter done
Event: 1.118 Loading class java/util/regex/Pattern$1
Event: 1.118 Loading class java/util/regex/Pattern$1 done
Event: 1.148 Loading class java/util/NoSuchElementException
Event: 1.148 Loading class java/util/NoSuchElementException done

Classes unloaded (0 events):
No events

Classes redefined (0 events):
No events

Internal exceptions (11 events):
Event: 0.180 Thread 0x0000019d14267c10 Exception <a 'java/lang/ClassNotFoundException'{0x000000008a755030}: javax/smartcardio/CardPermission> (0x000000008a755030) 
thrown [s\open\src\hotspot\share\classfile\systemDictionary.cpp, line 255]
Event: 0.182 Thread 0x0000019d14267c10 Exception <a 'java/io/FileNotFoundException'{0x000000008a763000}> (0x000000008a763000) 
thrown [s\open\src\hotspot\share\prims\jni.cpp, line 517]
Event: 0.202 Thread 0x0000019d14267c10 Exception <a 'java/lang/NoSuchMethodError'{0x000000008a664a90}: 'void java.lang.invoke.DirectMethodHandle$Holder.invokeStatic(java.lang.Object, java.lang.Object, java.lang.Object)'> (0x000000008a664a90) 
thrown [s\open\src\hotspot\share\interpreter\linkResolver.cpp, line 774]
Event: 0.266 Thread 0x0000019d14267c10 Exception <a 'java/lang/NoSuchMethodError'{0x000000008a40bc48}: 'void java.lang.invoke.DirectMethodHandle$Holder.invokeSpecialIFC(java.lang.Object, java.lang.Object, java.lang.Object, java.lang.Object, java.lang.Object)'> (0x000000008a40bc48) 
thrown [s\open\src\hotspot\share\interpreter\linkResolver.cpp, line 774]
Event: 0.266 Thread 0x0000019d14267c10 Exception <a 'java/lang/NoSuchMethodError'{0x000000008a413fa0}: 'void java.lang.invoke.DirectMethodHandle$Holder.invokeStatic(java.lang.Object, java.lang.Object, java.lang.Object, java.lang.Object)'> (0x000000008a413fa0) 
thrown [s\open\src\hotspot\share\interpreter\linkResolver.cpp, line 774]
Event: 0.267 Thread 0x0000019d14267c10 Exception <a 'java/lang/NoSuchMethodError'{0x000000008a41cff8}: 'int java.lang.invoke.DirectMethodHandle$Holder.invokeSpecial(java.lang.Object, java.lang.Object, java.lang.Object)'> (0x000000008a41cff8) 
thrown [s\open\src\hotspot\share\interpreter\linkResolver.cpp, line 774]
Event: 0.280 Thread 0x0000019d14267c10 Exception <a 'java/lang/NoSuchMethodError'{0x000000008a4c3da8}: 'java.lang.Object java.lang.invoke.DirectMethodHandle$Holder.invokeStaticInit(java.lang.Object, java.lang.Object, java.lang.Object)'> (0x000000008a4c3da8) 
thrown [s\open\src\hotspot\share\interpreter\linkResolver.cpp, line 774]
Event: 0.485 Thread 0x0000019d14267c10 Exception <a 'java/lang/NoClassDefFoundError'{0x0000000089a06720}: org/apache/log4j/Priority> (0x0000000089a06720) 
thrown [s\open\src\hotspot\share\classfile\systemDictionary.cpp, line 244]
Event: 0.503 Thread 0x0000019d14267c10 Exception <a 'java/lang/ClassNotFoundException'{0x0000000089a7b180}: com/sun/org/apache/xerces/internal/impl/xpath/regex/spi/messageProvider> (0x0000000089a7b180) 
thrown [s\open\src\hotspot\share\classfile\systemDictionary.cpp, line 255]
Event: 0.616 Thread 0x0000019d14267c10 Exception <a 'java/lang/NoSuchMethodError'{0x000000008acb0158}: 'java.lang.Object java.lang.invoke.DirectMethodHandle$Holder.invokeInterface(java.lang.Object, java.lang.Object)'> (0x000000008acb0158) 
thrown [s\open\src\hotspot\share\interpreter\linkResolver.cpp, line 774]
Event: 0.616 Thread 0x0000019d14267c10 Exception <a 'java/lang/IncompatibleClassChangeError'{0x000000008acb36a8}: Found class java.lang.Object, but interface was expected> (0x000000008acb36a8) 
thrown [s\open\src\hotspot\share\interpreter\linkResolver.cpp, line 841]

VM Operations (20 events):
Event: 0.532 Executing VM operation: HandshakeAllThreads done
Event: 0.550 Executing VM operation: G1CollectForAllocation
Event: 0.557 Executing VM operation: G1CollectForAllocation done
Event: 0.557 Executing VM operation: HandshakeAllThreads
Event: 0.558 Executing VM operation: HandshakeAllThreads done
Event: 0.652 Executing VM operation: G1CollectForAllocation
Event: 0.658 Executing VM operation: G1CollectForAllocation done
Event: 0.736 Executing VM operation: G1CollectForAllocation
Event: 0.744 Executing VM operation: G1CollectForAllocation done
Event: 0.801 Executing VM operation: G1CollectForAllocation
Event: 0.811 Executing VM operation: G1CollectForAllocation done
Event: 0.835 Executing VM operation: G1CollectForAllocation
Event: 0.848 Executing VM operation: G1CollectForAllocation done
Event: 0.943 Executing VM operation: G1CollectForAllocation
Event: 0.958 Executing VM operation: G1CollectForAllocation done
Event: 0.997 Executing VM operation: G1CollectForAllocation
Event: 1.012 Executing VM operation: G1CollectForAllocation done
Event: 1.068 Executing VM operation: G1CollectForAllocation
Event: 1.085 Executing VM operation: G1CollectForAllocation done
Event: 1.314 Executing VM operation: G1CollectForAllocation

Events (16 events):
Event: 0.016 Thread 0x0000019d14267c10 Thread added: 0x0000019d14267c10
Event: 0.030 Thread 0x0000019d3296d910 Thread added: 0x0000019d3296d910
Event: 0.030 Thread 0x0000019d3296e700 Thread added: 0x0000019d3296e700
Event: 0.030 Thread 0x0000019d3296f5e0 Thread added: 0x0000019d3296f5e0
Event: 0.030 Thread 0x0000019d32971210 Thread added: 0x0000019d32971210
Event: 0.030 Thread 0x0000019d32973d40 Thread added: 0x0000019d32973d40
Event: 0.030 Thread 0x0000019d32974d70 Thread added: 0x0000019d32974d70
Event: 0.030 Thread 0x0000019d329816f0 Thread added: 0x0000019d329816f0
Event: 0.030 Thread 0x0000019d32982470 Thread added: 0x0000019d32982470
Event: 0.030 Thread 0x0000019d32987620 Thread added: 0x0000019d32987620
Event: 0.046 Thread 0x0000019d36cf5310 Thread added: 0x0000019d36cf5310
Event: 0.049 Thread 0x0000019d36cfa2a0 Thread added: 0x0000019d36cfa2a0
Event: 0.085 Thread 0x0000019d36e6d7a0 Thread added: 0x0000019d36e6d7a0
Event: 0.088 Thread 0x0000019d36f45c10 Thread added: 0x0000019d36f45c10
Event: 0.460 Thread 0x0000019d37b82060 Thread added: 0x0000019d37b82060
Event: 0.464 Thread 0x0000019d377f8400 Thread added: 0x0000019d377f8400


Dynamic libraries:
0x00007ff65bd80000 - 0x00007ff65bd90000 	C:\Java\jdk-19\bin\java.exe
0x00007ffd7f010000 - 0x00007ffd7f226000 	C:\WINDOWS\SYSTEM32\ntdll.dll
0x00007ffd7d5f0000 - 0x00007ffd7d6b4000 	C:\WINDOWS\System32\KERNEL32.DLL
0x00007ffd7c990000 - 0x00007ffd7cd37000 	C:\WINDOWS\System32\KERNELBASE.dll
0x00007ffd7c580000 - 0x00007ffd7c691000 	C:\WINDOWS\System32\ucrtbase.dll
0x00007ffd2dd00000 - 0x00007ffd2dd18000 	C:\Java\jdk-19\bin\jli.dll
0x00007ffd2b580000 - 0x00007ffd2b59b000 	C:\Java\jdk-19\bin\VCRUNTIME140.dll
0x00007ffd7d6c0000 - 0x00007ffd7d772000 	C:\WINDOWS\System32\ADVAPI32.dll
0x00007ffd7d9e0000 - 0x00007ffd7da87000 	C:\WINDOWS\System32\msvcrt.dll
0x00007ffd7e6c0000 - 0x00007ffd7e768000 	C:\WINDOWS\System32\sechost.dll
0x00007ffd7c960000 - 0x00007ffd7c988000 	C:\WINDOWS\System32\bcrypt.dll
0x00007ffd7e460000 - 0x00007ffd7e575000 	C:\WINDOWS\System32\RPCRT4.dll
0x00007ffd7ce50000 - 0x00007ffd7cffe000 	C:\WINDOWS\System32\USER32.dll
0x00007ffd66840000 - 0x00007ffd66ad3000 	C:\WINDOWS\WinSxS\amd64_microsoft.windows.common-controls_6595b64144ccf1df_6.0.22621.3235_none_270f74e173860f98\COMCTL32.dll
0x00007ffd7c930000 - 0x00007ffd7c956000 	C:\WINDOWS\System32\win32u.dll
0x00007ffd7d000000 - 0x00007ffd7d029000 	C:\WINDOWS\System32\GDI32.dll
0x00007ffd7c330000 - 0x00007ffd7c449000 	C:\WINDOWS\System32\gdi32full.dll
0x00007ffd7c890000 - 0x00007ffd7c92a000 	C:\WINDOWS\System32\msvcp_win.dll
0x00007ffd74870000 - 0x00007ffd7487a000 	C:\WINDOWS\SYSTEM32\VERSION.dll
0x00007ffd7e680000 - 0x00007ffd7e6b1000 	C:\WINDOWS\System32\IMM32.DLL
0x00007ffd52d80000 - 0x00007ffd52d8c000 	C:\Java\jdk-19\bin\vcruntime140_1.dll
0x00007ffcfbc90000 - 0x00007ffcfbd1e000 	C:\Java\jdk-19\bin\msvcp140.dll
0x00007ffce2260000 - 0x00007ffce2f20000 	C:\Java\jdk-19\bin\server\jvm.dll
0x00007ffd58920000 - 0x00007ffd58929000 	C:\WINDOWS\SYSTEM32\WSOCK32.dll
0x00007ffd749d0000 - 0x00007ffd74a04000 	C:\WINDOWS\SYSTEM32\WINMM.dll
0x00007ffd7d3a0000 - 0x00007ffd7d411000 	C:\WINDOWS\System32\WS2_32.dll
0x00007ffd7b340000 - 0x00007ffd7b358000 	C:\WINDOWS\SYSTEM32\kernel.appcore.dll
0x00007ffd49cf0000 - 0x00007ffd49cfa000 	C:\Java\jdk-19\bin\jimage.dll
0x00007ffd79830000 - 0x00007ffd79a63000 	C:\WINDOWS\SYSTEM32\DBGHELP.DLL
0x00007ffd7dfc0000 - 0x00007ffd7e348000 	C:\WINDOWS\System32\combase.dll
0x00007ffd7d090000 - 0x00007ffd7d167000 	C:\WINDOWS\System32\OLEAUT32.dll
0x00007ffd5a940000 - 0x00007ffd5a972000 	C:\WINDOWS\SYSTEM32\dbgcore.DLL
0x00007ffd7c6a0000 - 0x00007ffd7c719000 	C:\WINDOWS\System32\bcryptPrimitives.dll
0x00007ffd2b340000 - 0x00007ffd2b366000 	C:\Java\jdk-19\bin\java.dll
0x00007ffcfbbb0000 - 0x00007ffcfbc87000 	C:\Java\jdk-19\bin\jsvml.dll
0x00007ffd7e770000 - 0x00007ffd7efcc000 	C:\WINDOWS\System32\SHELL32.dll
0x00007ffd7a240000 - 0x00007ffd7ab39000 	C:\WINDOWS\SYSTEM32\windows.storage.dll
0x00007ffd7a100000 - 0x00007ffd7a23e000 	C:\WINDOWS\SYSTEM32\wintypes.dll
0x00007ffd7d780000 - 0x00007ffd7d873000 	C:\WINDOWS\System32\SHCORE.dll
0x00007ffd7e3f0000 - 0x00007ffd7e44e000 	C:\WINDOWS\System32\shlwapi.dll
0x00007ffd7c260000 - 0x00007ffd7c281000 	C:\WINDOWS\SYSTEM32\profapi.dll
0x00007ffd2b560000 - 0x00007ffd2b573000 	C:\Java\jdk-19\bin\net.dll
0x00007ffd77cf0000 - 0x00007ffd77e26000 	C:\WINDOWS\SYSTEM32\WINHTTP.dll
0x00007ffd7b7c0000 - 0x00007ffd7b829000 	C:\WINDOWS\system32\mswsock.dll
0x00007ffd2aa00000 - 0x00007ffd2aa16000 	C:\Java\jdk-19\bin\nio.dll
0x00007ffd2a250000 - 0x00007ffd2a268000 	C:\Java\jdk-19\bin\zip.dll
0x00007ffd49280000 - 0x00007ffd49290000 	C:\Java\jdk-19\bin\verify.dll

dbghelp: loaded successfully - version: 4.0.5 - missing functions: none
symbol engine: initialized successfully - sym options: 0x614 - pdb path: .;C:\Java\jdk-19\bin;C:\WINDOWS\SYSTEM32;C:\WINDOWS\WinSxS\amd64_microsoft.windows.common-controls_6595b64144ccf1df_6.0.22621.3235_none_270f74e173860f98;C:\Java\jdk-19\bin\server

VM Arguments:
java_command: org.languagetool.server.HTTPServer -p 8082
java_class_path (initial): C:\Users\rksck\.cache\language_tool_python\LanguageTool-6.4\languagetool-server.jar
Launcher Type: SUN_STANDARD

[Global flags]
     intx CICompilerCount                          = 4                                         {product} {ergonomic}
     uint ConcGCThreads                            = 2                                         {product} {ergonomic}
     uint G1ConcRefinementThreads                  = 8                                         {product} {ergonomic}
   size_t G1HeapRegionSize                         = 1048576                                   {product} {ergonomic}
    uintx GCDrainStackTargetSize                   = 64                                        {product} {ergonomic}
   size_t InitialHeapSize                          = 132120576                                 {product} {ergonomic}
   size_t MarkStackSize                            = 4194304                                   {product} {ergonomic}
   size_t MaxHeapSize                              = 2095054848                                {product} {ergonomic}
   size_t MaxNewSize                               = 1256194048                                {product} {ergonomic}
   size_t MinHeapDeltaBytes                        = 1048576                                   {product} {ergonomic}
   size_t MinHeapSize                              = 8388608                                   {product} {ergonomic}
    uintx NonNMethodCodeHeapSize                   = 5839372                                {pd product} {ergonomic}
    uintx NonProfiledCodeHeapSize                  = 122909434                              {pd product} {ergonomic}
    uintx ProfiledCodeHeapSize                     = 122909434                              {pd product} {ergonomic}
    uintx ReservedCodeCacheSize                    = 251658240                              {pd product} {ergonomic}
     bool SegmentedCodeCache                       = true                                      {product} {ergonomic}
   size_t SoftMaxHeapSize                          = 2095054848                             {manageable} {ergonomic}
     bool UseCompressedClassPointers               = true                           {product lp64_product} {ergonomic}
     bool UseCompressedOops                        = true                           {product lp64_product} {ergonomic}
     bool UseG1GC                                  = true                                      {product} {ergonomic}
     bool UseLargePagesIndividualAllocation        = false                                  {pd product} {ergonomic}

Logging:
Log output configuration:
 #0: stdout all=warning uptime,level,tags foldmultilines=false
 #1: stderr all=off uptime,level,tags foldmultilines=false

Environment Variables:
PATH=C:\Users\rksck\Desktop\major project2\backend\myenv\Scripts;C:\Program Files\WindowsApps\Microsoft.PowerShell_7.2.2.0_x64__8wekyb3d8bbwe;C:\Python311\;C:\Python311\Scripts\;C:\Program Files\Python310\;C:\Program Files\Python310\Scripts\;C:\Program Files\Common Files\Oracle\Java\javapath;C:\WINDOWS\system32;C:\WINDOWS;C:\WINDOWS\System32\Wbem;C:\WINDOWS\System32\WindowsPowerShell\v1.0\;C:\WINDOWS\System32\OpenSSH\;C:\Users\rksck\AppData\Roaming\Microsoft\Windows\Start Menu\Programs\Python 3.10;C:\Program Files\MySQL\MySQL Server 8.0\bin;C:\Program Files (x86)\GnuWin32\bin;C:\GnuWin32\bin;C:\Java\jdk-19\bin;C:\hadoop-3.3.4\bin;C:\hadoop-3.3.4\sbin;C:\bin;C:\Program Files\dotnet\;C:\Program Files\nodejs\;C:\ProgramData\chocolatey\bin;C:\Users\rksck\AppData\Roaming\npm;C:\Program Files\PostgreSQL\16\bin;C:\Program Files\MongoDB\Server\7.0\bin;C:\Python311\;C:\Python311\Scripts\;C:\Program Files\Python310\;C:\Program Files\Python310\Scripts\;C:\Program Files\Common Files\Oracle\Java\javapath;C:\WINDOWS\system32;C:\WINDOWS;C:\WINDOWS\System32\Wbem;C:\WINDOWS\System32\WindowsPowerShell\v1.0\;C:\WINDOWS\System32\OpenSSH\;C:\Users\rksck\AppData\Roaming\Microsoft\Windows\Start Menu\Programs\Python 3.10;C:\Program Files\MySQL\MySQL Server 8.0\bin;C:\Program Files (x86)\GnuWin32\bin;C:\GnuWin32\bin;C:\Java\jdk-19\bin;C:\hadoop-3.3.4\bin;C:\hadoop-3.3.4\sbin;C:\bin;C:\Program Files\dotnet\;C:\Program Files\nodejs\;C:\ProgramData\chocolatey\bin;C:\Users\rksck\AppData\Roaming\npm;C:\Program Files\PostgreSQL\16\bin;C:\Program Files\MongoDB\Server\7.0\bin;;C:\Python311\;C:\Python311\Scripts\;C:\Users\rksck\AppData\Roaming\Python\Python311\Scripts;C:\Users\rksck\AppData\Roaming\Microsoft\Windows\Start Menu\Programs\Python 3.10;C:\Program Files\Python310\Scripts\;C:\Program Files\Python310\;C:\Program Files\MySQL\MySQL Server 8.0\bin;C:\GnuWin32\bin;C:\Program Files (x86)\GnuWin32\bin;C:\Program Files\Common Files\Oracle\Java\javapath;C:\Java\jdk-19\bin;C:\hadoop-3.3.4\bin;C:\hadoop-3.3.4\sbin;C:\Program Files\dotnet\;C:\Program Files\nodejs\;C:\Users\rksck\AppData\Roaming\npm;C:\Program Files\PostgreSQL\16\bin;C:\Program Files\MongoDB\Server\7.0\bin;C:\Users\rksck\AppData\Local\Programs\Microsoft VS Code\bin;C:\Program Files (x86)\mingw-w64\i686-8.1.0-posix-dwarf-rt_v6-rev0\mingw32\bin;C:\Program Files (x86)\Nmap\scripts;C:\Program Files (x86)\Nmap;C:\Users\rksck\Downloads\aircrack-ng-1.7-win\aircrack-ng-1.7-win\bin;C:\Program Files\Tesseract-OCR;
USERNAME=rksck
LANG=en_US.UTF-8
OS=Windows_NT
PROCESSOR_IDENTIFIER=Intel64 Family 6 Model 140 Stepping 1, GenuineIntel
TMP=C:\Users\rksck\AppData\Local\Temp
TEMP=C:\Users\rksck\AppData\Local\Temp



---------------  S Y S T E M  ---------------

OS:
 Windows 11 , 64 bit Build 22621 (10.0.22621.3374)
OS uptime: 0 days 11:43 hours
Hyper-V role detected

CPU: total 8 (initial active 8) (4 cores per cpu, 2 threads per core) family 6 model 140 stepping 1 microcode 0x9a, cx8, cmov, fxsr, ht, mmx, 3dnowpref, sse, sse2, sse3, ssse3, sse4.1, sse4.2, popcnt, lzcnt, tsc, tscinvbit, avx, avx2, aes, erms, clmul, bmi1, bmi2, adx, avx512f, avx512dq, avx512cd, avx512bw, avx512vl, sha, fma, vzeroupper, avx512_vpopcntdq, avx512_vpclmulqdq, avx512_vaes, avx512_vnni, clflush, clflushopt, clwb, avx512_vbmi2, avx512_vbmi, hv, rdtscp, rdpid, fsrm, gfni, avx512_bitalg

Memory: 4k page, system-wide physical 7991M (458M free)
TotalPageFile size 32453M (AvailPageFile size 245M)
current process WorkingSet (physical memory assigned to process): 312M, peak: 312M
current process commit charge ("private bytes"): 367M, peak: 787M

vm_info: Java HotSpot(TM) 64-Bit Server VM (19.0.1+10-21) for windows-amd64 JRE (19.0.1+10-21), built on 2022-09-14T12:45:06Z by "mach5one" with MS VC++ 17.1 (VS2022)

END.
